<?xml version="1.0" encoding="UTF-8"?>
<testng-results ignored="0" total="1" passed="1" failed="0" skipped="0">
  <reporter-output>
    <line>
      <![CDATA[Stock-000000164    Stock-000000164]]>
    </line>
    <line>
      <![CDATA[Supplier-00000001036     Supplier-00000001036]]>
    </line>
    <line>
      <![CDATA[Customer-00000000902     Customer-00000000902]]>
    </line>
  </reporter-output>
  <suite started-at="2024-01-25T18:06:35 IST" name="Surefire suite" finished-at="2024-01-25T18:08:12 IST" duration-ms="97053">
    <groups>
    </groups>
    <test started-at="2024-01-25T18:06:35 IST" name="Surefire test" finished-at="2024-01-25T18:08:12 IST" duration-ms="97053">
      <class name="driverFactory.AppTest">
        <test-method signature="KickStart()[pri:0, instance:driverFactory.AppTest@1ebd319f]" started-at="2024-01-25T18:06:35 IST" name="KickStart" finished-at="2024-01-25T18:08:12 IST" duration-ms="96925" status="PASS">
          <reporter-output>
            <line>
              <![CDATA[Stock-000000164    Stock-000000164]]>
            </line>
            <line>
              <![CDATA[Supplier-00000001036     Supplier-00000001036]]>
            </line>
            <line>
              <![CDATA[Customer-00000000902     Customer-00000000902]]>
            </line>
          </reporter-output>
        </test-method> <!-- KickStart -->
      </class> <!-- driverFactory.AppTest -->
    </test> <!-- Surefire test -->
  </suite> <!-- Surefire suite -->
</testng-results>
